TesteBackground/Library/Bee/Android/Prj/IL2CPP/Gradle/launcher/build/intermediates/manifest_merge_blame_file/release/processReleaseMainManifest/manifest-merger-blame-release-report.txt
1<?xml version="1.0" encoding="utf-8"?>
2<manifest xmlns:android="http://schemas.android.com/apk/res/android"
3    package="com.LDTT.TesteBackground"
4    android:installLocation="preferExternal"
5    android:versionCode="1"
6    android:versionName="1.0" >
7
8    <uses-sdk
9        android:minSdkVersion="25"
10        android:targetSdkVersion="36" />
11
12    <supports-screens
12-->src\main\AndroidManifest.xml:4:3-163
13        android:anyDensity="true"
13-->src\main\AndroidManifest.xml:4:135-160
14        android:largeScreens="true"
14-->src\main\AndroidManifest.xml:4:78-105
15        android:normalScreens="true"
15-->src\main\AndroidManifest.xml:4:49-77
16        android:smallScreens="true"
16-->src\main\AndroidManifest.xml:4:21-48
17        android:xlargeScreens="true" />
17-->src\main\AndroidManifest.xml:4:106-134
18
19    <uses-permission android:name="android.permission.ACCESS_FINE_LOCATION" />
19-->[:unityLibrary] AndroidManifest.xml:8:5-79
19-->[:unityLibrary] AndroidManifest.xml:8:22-76
20    <uses-permission android:name="android.permission.ACCESS_COARSE_LOCATION" />
20-->[:unityLibrary] AndroidManifest.xml:9:5-81
20-->[:unityLibrary] AndroidManifest.xml:9:22-78
21    <uses-permission android:name="android.permission.ACCESS_BACKGROUND_LOCATION" />
21-->[:unityLibrary] AndroidManifest.xml:10:5-85
21-->[:unityLibrary] AndroidManifest.xml:10:22-82
22    <uses-permission android:name="android.permission.FOREGROUND_SERVICE" />
22-->[:unityLibrary] AndroidManifest.xml:11:5-77
22-->[:unityLibrary] AndroidManifest.xml:11:22-74
23    <uses-permission android:name="android.permission.FOREGROUND_SERVICE_LOCATION" />
23-->[:unityLibrary] AndroidManifest.xml:12:5-86
23-->[:unityLibrary] AndroidManifest.xml:12:22-83
24    <uses-permission android:name="android.permission.POST_NOTIFICATIONS" />
24-->[:unityLibrary] AndroidManifest.xml:13:5-77
24-->[:unityLibrary] AndroidManifest.xml:13:22-74
25    <uses-permission android:name="android.permission.VIBRATE" />
25-->[:unityLibrary] AndroidManifest.xml:14:5-66
25-->[:unityLibrary] AndroidManifest.xml:14:22-63
26
27    <uses-feature android:glEsVersion="0x00030000" />
27-->[:unityLibrary] AndroidManifest.xml:16:5-54
27-->[:unityLibrary] AndroidManifest.xml:16:19-51
28    <uses-feature
28-->[:unityLibrary] AndroidManifest.xml:17:5-19:36
29        android:name="android.hardware.vulkan.version"
29-->[:unityLibrary] AndroidManifest.xml:18:9-55
30        android:required="false" />
30-->[:unityLibrary] AndroidManifest.xml:19:9-33
31    <uses-feature
31-->[:unityLibrary] AndroidManifest.xml:20:5-22:36
32        android:name="android.hardware.touchscreen"
32-->[:unityLibrary] AndroidManifest.xml:21:9-52
33        android:required="false" />
33-->[:unityLibrary] AndroidManifest.xml:22:9-33
34    <uses-feature
34-->[:unityLibrary] AndroidManifest.xml:23:5-25:36
35        android:name="android.hardware.touchscreen.multitouch"
35-->[:unityLibrary] AndroidManifest.xml:24:9-63
36        android:required="false" />
36-->[:unityLibrary] AndroidManifest.xml:25:9-33
37    <uses-feature
37-->[:unityLibrary] AndroidManifest.xml:26:5-28:36
38        android:name="android.hardware.touchscreen.multitouch.distinct"
38-->[:unityLibrary] AndroidManifest.xml:27:9-72
39        android:required="false" />
39-->[:unityLibrary] AndroidManifest.xml:28:9-33
40
41    <permission
41-->[androidx.core:core:1.9.0] AndroidManifest.xml:22:5-24:47
42        android:name="com.LDTT.TesteBackground.DYNAMIC_RECEIVER_NOT_EXPORTED_PERMISSION"
42-->[androidx.core:core:1.9.0] AndroidManifest.xml:23:9-81
43        android:protectionLevel="signature" />
43-->[androidx.core:core:1.9.0] AndroidManifest.xml:24:9-44
44
45    <uses-permission android:name="com.LDTT.TesteBackground.DYNAMIC_RECEIVER_NOT_EXPORTED_PERMISSION" />
45-->[androidx.core:core:1.9.0] AndroidManifest.xml:26:5-97
45-->[androidx.core:core:1.9.0] AndroidManifest.xml:26:22-94
46
47    <application
47-->src\main\AndroidManifest.xml:3:3-83
48        android:allowBackup="false"
48-->[:unityLibrary] AndroidManifest.xml:31:9-36
49        android:appCategory="game"
49-->[:unityLibrary] AndroidManifest.xml:32:9-35
50        android:appComponentFactory="androidx.core.app.CoreComponentFactory"
50-->[androidx.core:core:1.9.0] AndroidManifest.xml:28:18-86
51        android:enableOnBackInvokedCallback="true"
51-->[:unityLibrary] AndroidManifest.xml:33:9-51
52        android:extractNativeLibs="true"
53        android:fullBackupContent="false"
53-->[:unityLibrary] AndroidManifest.xml:35:9-42
54        android:icon="@mipmap/app_icon"
54-->src\main\AndroidManifest.xml:3:16-47
55        android:label="@string/app_name" >
55-->src\main\AndroidManifest.xml:3:48-80
56        <service
56-->[:unityLibrary] AndroidManifest.xml:37:9-41:56
57            android:name="com.LDTT.TesteBackground.LocationService"
57-->[:unityLibrary] AndroidManifest.xml:38:13-68
58            android:enabled="true"
58-->[:unityLibrary] AndroidManifest.xml:39:13-35
59            android:exported="false"
59-->[:unityLibrary] AndroidManifest.xml:40:13-37
60            android:foregroundServiceType="location" />
60-->[:unityLibrary] AndroidManifest.xml:41:13-53
61
62        <receiver
62-->[:unityLibrary] AndroidManifest.xml:43:9-46:40
63            android:name="com.LDTT.TesteBackground.StopServiceReceiver"
63-->[:unityLibrary] AndroidManifest.xml:44:13-72
64            android:enabled="true"
64-->[:unityLibrary] AndroidManifest.xml:45:13-35
65            android:exported="false" />
65-->[:unityLibrary] AndroidManifest.xml:46:13-37
66
67        <meta-data
67-->[:unityLibrary] AndroidManifest.xml:48:9-50:33
68            android:name="unity.splash-mode"
68-->[:unityLibrary] AndroidManifest.xml:49:13-45
69            android:value="0" />
69-->[:unityLibrary] AndroidManifest.xml:50:13-30
70        <meta-data
70-->[:unityLibrary] AndroidManifest.xml:51:9-53:36
71            android:name="unity.splash-enable"
71-->[:unityLibrary] AndroidManifest.xml:52:13-47
72            android:value="True" />
72-->[:unityLibrary] AndroidManifest.xml:53:13-33
73        <meta-data
73-->[:unityLibrary] AndroidManifest.xml:54:9-56:36
74            android:name="unity.launch-fullscreen"
74-->[:unityLibrary] AndroidManifest.xml:55:13-51
75            android:value="True" />
75-->[:unityLibrary] AndroidManifest.xml:56:13-33
76        <meta-data
76-->[:unityLibrary] AndroidManifest.xml:57:9-59:36
77            android:name="unity.render-outside-safearea"
77-->[:unityLibrary] AndroidManifest.xml:58:13-57
78            android:value="True" />
78-->[:unityLibrary] AndroidManifest.xml:59:13-33
79        <meta-data
79-->[:unityLibrary] AndroidManifest.xml:60:9-62:50
80            android:name="notch.config"
80-->[:unityLibrary] AndroidManifest.xml:61:13-40
81            android:value="portrait|landscape" />
81-->[:unityLibrary] AndroidManifest.xml:62:13-47
82        <meta-data
82-->[:unityLibrary] AndroidManifest.xml:63:9-65:36
83            android:name="unity.auto-report-fully-drawn"
83-->[:unityLibrary] AndroidManifest.xml:64:13-57
84            android:value="true" />
84-->[:unityLibrary] AndroidManifest.xml:65:13-33
85        <meta-data
85-->[:unityLibrary] AndroidManifest.xml:66:9-68:36
86            android:name="unity.strip-engine-code"
86-->[:unityLibrary] AndroidManifest.xml:67:13-51
87            android:value="true" />
87-->[:unityLibrary] AndroidManifest.xml:68:13-33
88        <meta-data
88-->[:unityLibrary] AndroidManifest.xml:69:9-71:36
89            android:name="unity.auto-set-game-state"
89-->[:unityLibrary] AndroidManifest.xml:70:13-53
90            android:value="true" />
90-->[:unityLibrary] AndroidManifest.xml:71:13-33
91
92        <activity
92-->[:unityLibrary] AndroidManifest.xml:73:9-105:20
93            android:name="com.unity3d.player.UnityPlayerActivity"
93-->[:unityLibrary] AndroidManifest.xml:74:13-66
94            android:configChanges="mcc|mnc|locale|touchscreen|keyboard|keyboardHidden|navigation|orientation|screenLayout|uiMode|screenSize|smallestScreenSize|fontScale|layoutDirection|density"
94-->[:unityLibrary] AndroidManifest.xml:75:13-194
95            android:enabled="true"
95-->[:unityLibrary] AndroidManifest.xml:76:13-35
96            android:exported="true"
96-->[:unityLibrary] AndroidManifest.xml:77:13-36
97            android:hardwareAccelerated="false"
97-->[:unityLibrary] AndroidManifest.xml:78:13-48
98            android:launchMode="singleTask"
98-->[:unityLibrary] AndroidManifest.xml:79:13-44
99            android:resizeableActivity="true"
99-->[:unityLibrary] AndroidManifest.xml:80:13-46
100            android:screenOrientation="fullUser"
100-->[:unityLibrary] AndroidManifest.xml:81:13-49
101            android:theme="@style/UnityThemeSelector" >
101-->[:unityLibrary] AndroidManifest.xml:82:13-54
102            <intent-filter>
102-->[:unityLibrary] AndroidManifest.xml:83:13-87:29
103                <category android:name="android.intent.category.LAUNCHER" />
103-->[:unityLibrary] AndroidManifest.xml:84:17-77
103-->[:unityLibrary] AndroidManifest.xml:84:27-74
104
105                <action android:name="android.intent.action.MAIN" />
105-->[:unityLibrary] AndroidManifest.xml:86:17-69
105-->[:unityLibrary] AndroidManifest.xml:86:25-66
106            </intent-filter>
107
108            <meta-data
108-->[:unityLibrary] AndroidManifest.xml:89:13-91:40
109                android:name="unityplayer.UnityActivity"
109-->[:unityLibrary] AndroidManifest.xml:90:17-57
110                android:value="true" />
110-->[:unityLibrary] AndroidManifest.xml:91:17-37
111            <meta-data
111-->[:unityLibrary] AndroidManifest.xml:92:13-94:71
112                android:name="WindowManagerPreference:FreeformWindowSize"
112-->[:unityLibrary] AndroidManifest.xml:93:17-74
113                android:value="@string/FreeformWindowSize_maximize" />
113-->[:unityLibrary] AndroidManifest.xml:94:17-68
114            <meta-data
114-->[:unityLibrary] AndroidManifest.xml:95:13-97:79
115                android:name="WindowManagerPreference:FreeformWindowOrientation"
115-->[:unityLibrary] AndroidManifest.xml:96:17-81
116                android:value="@string/FreeformWindowOrientation_landscape" />
116-->[:unityLibrary] AndroidManifest.xml:97:17-76
117            <meta-data
117-->[:unityLibrary] AndroidManifest.xml:98:13-100:40
118                android:name="notch_support"
118-->[:unityLibrary] AndroidManifest.xml:99:17-45
119                android:value="true" />
119-->[:unityLibrary] AndroidManifest.xml:100:17-37
120
121            <layout
121-->[:unityLibrary] AndroidManifest.xml:102:13-104:44
122                android:minHeight="300px"
122-->[:unityLibrary] AndroidManifest.xml:103:17-42
123                android:minWidth="400px" />
123-->[:unityLibrary] AndroidManifest.xml:104:17-41
124        </activity>
125
126        <provider
126-->[androidx.emoji2:emoji2:1.2.0] AndroidManifest.xml:24:9-32:20
127            android:name="androidx.startup.InitializationProvider"
127-->[androidx.emoji2:emoji2:1.2.0] AndroidManifest.xml:25:13-67
128            android:authorities="com.LDTT.TesteBackground.androidx-startup"
128-->[androidx.emoji2:emoji2:1.2.0] AndroidManifest.xml:26:13-68
129            android:exported="false" >
129-->[androidx.emoji2:emoji2:1.2.0] AndroidManifest.xml:27:13-37
130            <meta-data
130-->[androidx.emoji2:emoji2:1.2.0] AndroidManifest.xml:29:13-31:52
131                android:name="androidx.emoji2.text.EmojiCompatInitializer"
131-->[androidx.emoji2:emoji2:1.2.0] AndroidManifest.xml:30:17-75
132                android:value="androidx.startup" />
132-->[androidx.emoji2:emoji2:1.2.0] AndroidManifest.xml:31:17-49
133            <meta-data
133-->[androidx.lifecycle:lifecycle-process:2.4.1] AndroidManifest.xml:31:13-33:52
134                android:name="androidx.lifecycle.ProcessLifecycleInitializer"
134-->[androidx.lifecycle:lifecycle-process:2.4.1] AndroidManifest.xml:32:17-78
135                android:value="androidx.startup" />
135-->[androidx.lifecycle:lifecycle-process:2.4.1] AndroidManifest.xml:33:17-49
136        </provider>
137    </application>
138
139</manifest>